
> build
> vite build

vite v7.3.1 building client environment for production...
[plugin @laravel/vite-plugin-wayfinder] Types generated for actions, routes, form variants
transforming...
✓ 4587 modules transformed.
Export "Bar" of module "node_modules/recharts/es6/cartesian/Bar.js" was reexported through module "node_modules/recharts/es6/index.js" while both modules are dependencies of each other and will end up in different chunks by current Rollup settings. This scenario is not well supported at the moment as it will produce a circular dependency between chunks and will likely lead to broken execution order.
Either change the import in "resources/js/Pages/DepartmentAnalyticsPage.tsx" to point directly to the exporting module or reconfigure "output.manualChunks" to ensure these modules end up in the same chunk.
Export "Bar" of module "node_modules/recharts/es6/cartesian/Bar.js" was reexported through module "node_modules/recharts/es6/index.js" while both modules are dependencies of each other and will end up in different chunks by current Rollup settings. This scenario is not well supported at the moment as it will produce a circular dependency between chunks and will likely lead to broken execution order.
Either change the import in "resources/js/Pages/ProgressReportPage.tsx" to point directly to the exporting module or reconfigure "output.manualChunks" to ensure these modules end up in the same chunk.
Export "Bar" of module "node_modules/recharts/es6/cartesian/Bar.js" was reexported through module "node_modules/recharts/es6/index.js" while both modules are dependencies of each other and will end up in different chunks by current Rollup settings. This scenario is not well supported at the moment as it will produce a circular dependency between chunks and will likely lead to broken execution order.
Either change the import in "resources/js/Pages/ReportsPage.tsx" to point directly to the exporting module or reconfigure "output.manualChunks" to ensure these modules end up in the same chunk.
Export "Bar" of module "node_modules/recharts/es6/cartesian/Bar.js" was reexported through module "node_modules/recharts/es6/index.js" while both modules are dependencies of each other and will end up in different chunks by current Rollup settings. This scenario is not well supported at the moment as it will produce a circular dependency between chunks and will likely lead to broken execution order.
Either change the import in "resources/js/Pages/ResultsOverviewPage.tsx" to point directly to the exporting module or reconfigure "output.manualChunks" to ensure these modules end up in the same chunk.
Export "Bar" of module "node_modules/recharts/es6/cartesian/Bar.js" was reexported through module "node_modules/recharts/es6/index.js" while both modules are dependencies of each other and will end up in different chunks by current Rollup settings. This scenario is not well supported at the moment as it will produce a circular dependency between chunks and will likely lead to broken execution order.
Either change the import in "resources/js/Pages/TasksPage.tsx" to point directly to the exporting module or reconfigure "output.manualChunks" to ensure these modules end up in the same chunk.
rendering chunks...
computing gzip size...
public/build/manifest.json                                25.83 kB │ gzip:   2.65 kB
public/build/assets/app-C4xf1U7K.css                     141.94 kB │ gzip:  21.91 kB
public/build/assets/check-BEy_iSy0.js                      0.12 kB │ gzip:   0.14 kB
public/build/assets/plus-DpSYj7ts.js                       0.15 kB │ gzip:   0.15 kB
public/build/assets/arrow-right-BG42LHjP.js                0.16 kB │ gzip:   0.16 kB
public/build/assets/search-CzriD-FE.js                     0.17 kB │ gzip:   0.16 kB
public/build/assets/clock-BBj4dsJl.js                      0.18 kB │ gzip:   0.17 kB
public/build/assets/circle-check-big-YLxnoOib.js           0.19 kB │ gzip:   0.18 kB
public/build/assets/user-BoTPG6gq.js                       0.19 kB │ gzip:   0.18 kB
public/build/assets/info-B7MBOmin.js                       0.20 kB │ gzip:   0.18 kB
public/build/assets/lock-BwBMSHqM.js                       0.20 kB │ gzip:   0.19 kB
public/build/assets/circle-x-NniJRkk8.js                   0.20 kB │ gzip:   0.17 kB
public/build/assets/chevron-right-BcMJT5Uu.js              0.21 kB │ gzip:   0.17 kB
public/build/assets/target-BQv78PAv.js                     0.22 kB │ gzip:   0.16 kB
public/build/assets/activity-D13R5LYJ.js                   0.23 kB │ gzip:   0.20 kB
public/build/assets/circle-alert-Co3uHIoD.js               0.25 kB │ gzip:   0.18 kB
public/build/assets/eye-DazPE4G_.js                        0.25 kB │ gzip:   0.20 kB
public/build/assets/calendar-BlfVVyQ2.js                   0.26 kB │ gzip:   0.20 kB
public/build/assets/download-CgDJH-iV.js                   0.26 kB │ gzip:   0.22 kB
public/build/assets/award-zb17Nb2r.js                      0.27 kB │ gzip:   0.22 kB
public/build/assets/send-BR8oUhgU.js                       0.29 kB │ gzip:   0.23 kB
public/build/assets/square-pen-CVUIjULW.js                 0.32 kB │ gzip:   0.24 kB
public/build/assets/trash-2-CpDbMp6d.js                    0.36 kB │ gzip:   0.25 kB
public/build/assets/file-spreadsheet-0L4hCDSI.js           0.38 kB │ gzip:   0.23 kB
public/build/assets/building-2-CaWCft4w.js                 0.44 kB │ gzip:   0.25 kB
public/build/assets/zap-BZszy8Ft.js                        0.46 kB │ gzip:   0.30 kB
public/build/assets/medal-DEYwkXd0.js                      0.75 kB │ gzip:   0.42 kB
public/build/assets/label-CK7XA4m8.js                      0.83 kB │ gzip:   0.53 kB
public/build/assets/textarea-12WasM62.js                   0.84 kB │ gzip:   0.51 kB
public/build/assets/input-CLq04PUl.js                      1.05 kB │ gzip:   0.60 kB
public/build/assets/progress-DKGdr2Vo.js                   2.26 kB │ gzip:   1.13 kB
public/build/assets/table-DmMe5hGp.js                      2.28 kB │ gzip:   0.61 kB
public/build/assets/PolarChart-6RIoiPbG.js                 2.73 kB │ gzip:   1.33 kB
public/build/assets/index-DlEA9H4G.js                      3.51 kB │ gzip:   1.54 kB
public/build/assets/LoginPage-ComSyhcR.js                  3.79 kB │ gzip:   1.59 kB
public/build/assets/BadgesDisplay-B9Zw-SbW.js              4.92 kB │ gzip:   2.07 kB
public/build/assets/index-DtoqHDvx.js                      6.19 kB │ gzip:   2.67 kB
public/build/assets/AttendanceUploadPage-DQk2Peai.js       6.24 kB │ gzip:   2.04 kB
public/build/assets/tabs-BLdVk4Vo.js                       6.88 kB │ gzip:   2.71 kB
public/build/assets/Legend-Bh5di6Km.js                     7.19 kB │ gzip:   2.45 kB
public/build/assets/PerformanceReviewPage-B9gxzFBV.js     10.37 kB │ gzip:   3.35 kB
public/build/assets/AnnouncementsPage-DmjC7R3t.js         10.89 kB │ gzip:   3.65 kB
public/build/assets/ProfilePage-CjFOdCOY.js               11.38 kB │ gzip:   4.26 kB
public/build/assets/dialog-7BErP-Qm.js                    11.63 kB │ gzip:   4.21 kB
public/build/assets/DashboardPage-igFQMTC7.js             12.67 kB │ gzip:   3.55 kB
public/build/assets/PieChart-PCXlwvaD.js                  12.72 kB │ gzip:   4.39 kB
public/build/assets/ReportsPage-DUiDcke0.js               13.16 kB │ gzip:   4.04 kB
public/build/assets/NotificationsPage-Cpf8YaRX.js         13.50 kB │ gzip:   4.09 kB
public/build/assets/AttendancePage-Ddr819y3.js            13.62 kB │ gzip:   4.13 kB
public/build/assets/LineChart-B40pSV9Z.js                 14.97 kB │ gzip:   4.92 kB
public/build/assets/ChatPage-YfSf3RYp.js                  16.20 kB │ gzip:   5.36 kB
public/build/assets/ProjectsPage-Bg8mncIC.js              16.63 kB │ gzip:   5.04 kB
public/build/assets/ResultsOverviewPage-C9GDwvVH.js       17.25 kB │ gzip:   5.91 kB
public/build/assets/EvaluationPage-fdDSZR7l.js            17.26 kB │ gzip:   6.25 kB
public/build/assets/RequestsPage-C_e8Q0qf.js              20.93 kB │ gzip:   6.00 kB
public/build/assets/PeerReviewPage-Cjf3ktjw.js            20.95 kB │ gzip:   7.81 kB
public/build/assets/AdminDashboardPage-C7YZ0OA0.js        22.73 kB │ gzip:   6.61 kB
public/build/assets/LeaderboardPage-Dpnqr-qV.js           23.87 kB │ gzip:   6.17 kB
public/build/assets/StaffEnrollmentPage-cQ_YMAgr.js       24.53 kB │ gzip:   7.09 kB
public/build/assets/StaffOverviewPage-CxcfmYsS.js         24.82 kB │ gzip:   6.57 kB
public/build/assets/ProgressReportPage-B8feqsQk.js        25.10 kB │ gzip:   8.30 kB
public/build/assets/select-C9qeHi9n.js                    28.75 kB │ gzip:   9.39 kB
public/build/assets/SettingsPage-HZXS_mY1.js              32.16 kB │ gzip:   9.38 kB
public/build/assets/DepartmentAnalyticsPage-yiGkuUSN.js   42.23 kB │ gzip:  11.69 kB
public/build/assets/BarChart-CvPAwNlf.js                  43.82 kB │ gzip:  12.55 kB
public/build/assets/card-Cg29fiuq.js                      67.51 kB │ gzip:  22.00 kB
public/build/assets/LeaveManagementPage-CBDfG8s7.js       90.01 kB │ gzip:  26.34 kB
public/build/assets/TasksPage-BU1VWSn6.js                119.39 kB │ gzip:  33.29 kB
public/build/assets/MainLayout-D6-iDhfa.js               200.10 kB │ gzip:  63.40 kB
public/build/assets/CategoricalChart-Cpd-ARwa.js         300.10 kB │ gzip:  93.06 kB
public/build/assets/app-DCdUrwBQ.js                      388.58 kB │ gzip: 127.51 kB
✓ built in 15.36s
